--- GA4 Server-Side Tagging Log Cleared: 2025-07-17 15:43:13 ---
[2025-07-17 16:09:29] [INFO] Plugin settings updated
[2025-07-17 16:11:04] [INFO] Plugin settings updated
[2025-07-17 16:18:26] [INFO] Plugin settings updated
[2025-07-17 16:23:18] [INFO] Plugin settings updated
[2025-07-17 16:24:08] [INFO] Plugin settings updated
[2025-07-17 16:29:53] [ERROR] Failed to send batch events to Cloudflare for session: ccilu73fsgqj5kdc95b9ljdo8f after 155.83ms: HTTP 400: {"error":"Missing event name"}
[2025-07-17 16:30:04] [ERROR] Failed to send batch events to Cloudflare for session: ccilu73fsgqj5kdc95b9ljdo8f after 229.61ms: HTTP 400: {"error":"Missing event name"}
[2025-07-17 16:30:15] [ERROR] Failed to send batch events to Cloudflare for session: ccilu73fsgqj5kdc95b9ljdo8f after 141.3ms: HTTP 400: {"error":"Missing event name"}
[2025-07-17 16:30:17] [ERROR] Failed to send batch events to Cloudflare for session: ccilu73fsgqj5kdc95b9ljdo8f after 149.6ms: HTTP 400: {"error":"Missing event name"}
[2025-07-17 16:30:18] [ERROR] Failed to send batch events to Cloudflare for session: ccilu73fsgqj5kdc95b9ljdo8f after 139.87ms: HTTP 400: {"error":"Missing event name"}
[2025-07-17 16:30:29] [ERROR] Failed to send batch events to Cloudflare for session: ccilu73fsgqj5kdc95b9ljdo8f after 139.4ms: HTTP 400: {"error":"Missing event name"}
[2025-07-17 16:30:40] [ERROR] Failed to send batch events to Cloudflare for session: ccilu73fsgqj5kdc95b9ljdo8f after 147.7ms: HTTP 400: {"error":"Missing event name"}
[2025-07-17 16:30:43] [ERROR] Failed to send batch events to Cloudflare for session: ccilu73fsgqj5kdc95b9ljdo8f after 134.56ms: HTTP 400: {"error":"Missing event name"}
[2025-07-17 16:30:44] [ERROR] Failed to send batch events to Cloudflare for session: ccilu73fsgqj5kdc95b9ljdo8f after 133.19ms: HTTP 400: {"error":"Missing event name"}
[2025-07-17 16:30:50] [ERROR] Failed to send batch events to Cloudflare for session: ccilu73fsgqj5kdc95b9ljdo8f after 131.1ms: HTTP 400: {"error":"Missing event name"}
[2025-07-17 16:32:48] [ERROR] Failed to send batch events to Cloudflare for session: ccilu73fsgqj5kdc95b9ljdo8f after 161.22ms: HTTP 400: {"error":"Missing event name"}
[2025-07-17 16:32:57] [ERROR] Failed to send batch events to Cloudflare for session: ccilu73fsgqj5kdc95b9ljdo8f after 138.41ms: HTTP 400: {"error":"Missing event name"}
[2025-07-17 16:33:01] [ERROR] Failed to send batch events to Cloudflare for session: ccilu73fsgqj5kdc95b9ljdo8f after 161.03ms: HTTP 400: {"error":"Missing event name"}
[2025-07-17 16:33:03] [ERROR] Failed to send batch events to Cloudflare for session: ccilu73fsgqj5kdc95b9ljdo8f after 1243.39ms: HTTP 400: {"error":"Missing event name"}
[2025-07-17 16:33:04] [ERROR] Failed to send batch events to Cloudflare for session: ccilu73fsgqj5kdc95b9ljdo8f after 164.59ms: HTTP 400: {"error":"Missing event name"}
[2025-07-17 16:33:09] [ERROR] Failed to send batch events to Cloudflare for session: ccilu73fsgqj5kdc95b9ljdo8f after 160.07ms: HTTP 400: {"error":"Missing event name"}
[2025-07-17 16:33:15] [ERROR] Failed to send batch events to Cloudflare for session: ccilu73fsgqj5kdc95b9ljdo8f after 133.3ms: HTTP 400: {"error":"Missing event name"}
[2025-07-17 16:33:15] [ERROR] Failed to send batch events to Cloudflare for session: ccilu73fsgqj5kdc95b9ljdo8f after 144.65ms: HTTP 400: {"error":"Missing event name"}
[2025-07-17 16:33:17] [ERROR] Failed to send batch events to Cloudflare for session: ccilu73fsgqj5kdc95b9ljdo8f after 159.48ms: HTTP 400: {"error":"Missing event name"}
[2025-07-17 16:33:18] [ERROR] Failed to send batch events to Cloudflare for session: ccilu73fsgqj5kdc95b9ljdo8f after 142.97ms: HTTP 400: {"error":"Missing event name"}
[2025-07-17 16:33:18] [ERROR] Failed to send batch events to Cloudflare for session: ccilu73fsgqj5kdc95b9ljdo8f after 145.4ms: HTTP 400: {"error":"Missing event name"}
[2025-07-17 16:33:23] [ERROR] Failed to send batch events to Cloudflare for session: ccilu73fsgqj5kdc95b9ljdo8f after 146.79ms: HTTP 400: {"error":"Missing event name"}
[2025-07-17 16:33:26] [ERROR] Failed to send batch events to Cloudflare for session: ccilu73fsgqj5kdc95b9ljdo8f after 126.64ms: HTTP 400: {"error":"Missing event name"}
[2025-07-17 16:33:27] [ERROR] Failed to send batch events to Cloudflare for session: ccilu73fsgqj5kdc95b9ljdo8f after 132.28ms: HTTP 400: {"error":"Missing event name"}
[2025-07-17 16:33:28] [ERROR] Failed to send batch events to Cloudflare for session: ccilu73fsgqj5kdc95b9ljdo8f after 134.04ms: HTTP 400: {"error":"Missing event name"}
[2025-07-17 16:33:29] [ERROR] Failed to send batch events to Cloudflare for session: ccilu73fsgqj5kdc95b9ljdo8f after 136.67ms: HTTP 400: {"error":"Missing event name"}
[2025-07-17 16:33:30] [ERROR] Failed to send batch events to Cloudflare for session: ccilu73fsgqj5kdc95b9ljdo8f after 139.31ms: HTTP 400: {"error":"Missing event name"}
[2025-07-17 16:33:41] [ERROR] Failed to send batch events to Cloudflare for session: ccilu73fsgqj5kdc95b9ljdo8f after 143.7ms: HTTP 400: {"error":"Missing event name"}
[2025-07-17 16:33:56] [ERROR] Failed to send batch events to Cloudflare for session: ccilu73fsgqj5kdc95b9ljdo8f after 150.81ms: HTTP 400: {"error":"Missing event name"}
[2025-07-17 16:34:26] [ERROR] Failed to send batch events to Cloudflare for session: ccilu73fsgqj5kdc95b9ljdo8f after 137.1ms: HTTP 400: {"error":"Missing event name"}
[2025-07-17 16:35:26] [ERROR] Failed to send batch events to Cloudflare for session: ccilu73fsgqj5kdc95b9ljdo8f after 180.57ms: HTTP 400: {"error":"Missing event name"}
[2025-07-17 16:40:44] [ERROR] Failed to send batch events to Cloudflare for session: ccilu73fsgqj5kdc95b9ljdo8f after 153.07ms: HTTP 400: {"error":"Missing event name"}
[2025-07-17 16:40:55] [ERROR] Failed to send batch events to Cloudflare for session: ccilu73fsgqj5kdc95b9ljdo8f after 141.42ms: HTTP 400: {"error":"Missing event name"}
[2025-07-17 16:41:00] [ERROR] Failed to send batch events to Cloudflare for session: ccilu73fsgqj5kdc95b9ljdo8f after 170.26ms: HTTP 400: {"error":"Missing event name"}
[2025-07-17 16:41:03] [ERROR] Failed to send batch events to Cloudflare for session: ccilu73fsgqj5kdc95b9ljdo8f after 160.15ms: HTTP 400: {"error":"Missing event name"}
[2025-07-17 16:41:05] [ERROR] Failed to send batch events to Cloudflare for session: ccilu73fsgqj5kdc95b9ljdo8f after 137.89ms: HTTP 400: {"error":"Missing event name"}
[2025-07-17 16:41:06] [ERROR] Failed to send batch events to Cloudflare for session: ccilu73fsgqj5kdc95b9ljdo8f after 147.71ms: HTTP 400: {"error":"Missing event name"}
[2025-07-17 16:41:07] [ERROR] Failed to send batch events to Cloudflare for session: ccilu73fsgqj5kdc95b9ljdo8f after 134.53ms: HTTP 400: {"error":"Missing event name"}
[2025-07-17 16:41:08] [ERROR] Failed to send batch events to Cloudflare for session: ccilu73fsgqj5kdc95b9ljdo8f after 147.31ms: HTTP 400: {"error":"Missing event name"}
[2025-07-17 16:41:15] [ERROR] Failed to send batch events to Cloudflare for session: ccilu73fsgqj5kdc95b9ljdo8f after 158.63ms: HTTP 400: {"error":"Missing event name"}
[2025-07-17 16:41:21] [ERROR] Failed to send batch events to Cloudflare for session: ccilu73fsgqj5kdc95b9ljdo8f after 152.23ms: HTTP 400: {"error":"Missing event name"}
[2025-07-17 16:41:23] [ERROR] Failed to send batch events to Cloudflare for session: ccilu73fsgqj5kdc95b9ljdo8f after 126.84ms: HTTP 400: {"error":"Missing event name"}
[2025-07-17 16:41:24] [ERROR] Failed to send batch events to Cloudflare for session: ccilu73fsgqj5kdc95b9ljdo8f after 115.29ms: HTTP 400: {"error":"Missing event name"}
[2025-07-17 16:41:25] [ERROR] Failed to send batch events to Cloudflare for session: ccilu73fsgqj5kdc95b9ljdo8f after 133.35ms: HTTP 400: {"error":"Missing event name"}
[2025-07-17 16:41:26] [ERROR] Failed to send batch events to Cloudflare for session: ccilu73fsgqj5kdc95b9ljdo8f after 137.89ms: HTTP 400: {"error":"Missing event name"}
[2025-07-17 16:41:27] [ERROR] Failed to send batch events to Cloudflare for session: ccilu73fsgqj5kdc95b9ljdo8f after 141.65ms: HTTP 400: {"error":"Missing event name"}
[2025-07-17 16:41:30] [ERROR] Failed to send batch events to Cloudflare for session: ccilu73fsgqj5kdc95b9ljdo8f after 139.06ms: HTTP 400: {"error":"Missing event name"}
[2025-07-17 16:42:10] [ERROR] Failed to send batch events to Cloudflare for session: t0f5u8k5rt37lgmnm4h09n5075 after 149.6ms: HTTP 400: {"error":"Missing event name"}
[2025-07-17 16:42:11] [ERROR] Failed to send batch events to Cloudflare for session: ccilu73fsgqj5kdc95b9ljdo8f after 144.12ms: HTTP 400: {"error":"Missing event name"}
[2025-07-17 16:42:13] [ERROR] Failed to send batch events to Cloudflare for session: ccilu73fsgqj5kdc95b9ljdo8f after 140.33ms: HTTP 400: {"error":"Missing event name"}
[2025-07-17 16:42:23] [ERROR] Failed to send batch events to Cloudflare for session: tssc2fs26ijt23bb66t5fv2v14 after 6209.61ms: HTTP 400: {"error":"Missing event name"}
[2025-07-17 16:42:23] [ERROR] Failed to send batch events to Cloudflare for session: tssc2fs26ijt23bb66t5fv2v14 after 131.41ms: HTTP 400: {"error":"Missing event name"}
[2025-07-17 16:42:24] [ERROR] Failed to send batch events to Cloudflare for session: tssc2fs26ijt23bb66t5fv2v14 after 143.25ms: HTTP 400: {"error":"Missing event name"}
[2025-07-17 16:42:25] [ERROR] Failed to send batch events to Cloudflare for session: tssc2fs26ijt23bb66t5fv2v14 after 140.59ms: HTTP 400: {"error":"Missing event name"}
[2025-07-17 16:42:26] [ERROR] Failed to send batch events to Cloudflare for session: tssc2fs26ijt23bb66t5fv2v14 after 128.27ms: HTTP 400: {"error":"Missing event name"}
[2025-07-17 16:42:30] [ERROR] Failed to send batch events to Cloudflare for session: tssc2fs26ijt23bb66t5fv2v14 after 127.51ms: HTTP 400: {"error":"Missing event name"}
[2025-07-17 16:42:45] [ERROR] Failed to send batch events to Cloudflare for session: tssc2fs26ijt23bb66t5fv2v14 after 139.87ms: HTTP 400: {"error":"Missing event name"}
[2025-07-17 16:43:15] [ERROR] Failed to send batch events to Cloudflare for session: tssc2fs26ijt23bb66t5fv2v14 after 131.87ms: HTTP 400: {"error":"Missing event name"}
[2025-07-17 16:44:15] [ERROR] Failed to send batch events to Cloudflare for session: tssc2fs26ijt23bb66t5fv2v14 after 146.35ms: HTTP 400: {"error":"Missing event name"}
[2025-07-17 16:46:47] [ERROR] Failed to send batch events to Cloudflare for session: 6lbbs6ode0312sh2ii4nvks14g after 136.21ms: HTTP 400: {"error":"Missing event name"}
[2025-07-17 16:46:48] [ERROR] Failed to send batch events to Cloudflare for session: 6lbbs6ode0312sh2ii4nvks14g after 127.78ms: HTTP 400: {"error":"Missing event name"}
[2025-07-17 16:46:55] [ERROR] Failed to send batch events to Cloudflare for session: 6lbbs6ode0312sh2ii4nvks14g after 174.73ms: HTTP 400: {"error":"Missing event name"}
[2025-07-17 16:46:55] [ERROR] Failed to send batch events to Cloudflare for session: 6lbbs6ode0312sh2ii4nvks14g after 141.06ms: HTTP 400: {"error":"Missing event name"}
[2025-07-17 16:46:57] [ERROR] Failed to send batch events to Cloudflare for session: 6lbbs6ode0312sh2ii4nvks14g after 120.53ms: HTTP 400: {"error":"Missing event name"}
[2025-07-17 16:47:10] [ERROR] Failed to send batch events to Cloudflare for session: tssc2fs26ijt23bb66t5fv2v14 after 138.11ms: HTTP 400: {"error":"Missing event name"}
[2025-07-17 16:47:12] [ERROR] Failed to send batch events to Cloudflare for session: ccilu73fsgqj5kdc95b9ljdo8f after 140.71ms: HTTP 400: {"error":"Missing event name"}
[2025-07-17 16:47:13] [ERROR] Failed to send batch events to Cloudflare for session: ccilu73fsgqj5kdc95b9ljdo8f after 120.6ms: HTTP 400: {"error":"Missing event name"}
[2025-07-17 16:47:13] [ERROR] Failed to send batch events to Cloudflare for session: ccilu73fsgqj5kdc95b9ljdo8f after 127.55ms: HTTP 400: {"error":"Missing event name"}
[2025-07-17 16:47:14] [ERROR] Failed to send batch events to Cloudflare for session: ccilu73fsgqj5kdc95b9ljdo8f after 128.16ms: HTTP 400: {"error":"Missing event name"}
[2025-07-17 16:47:15] [ERROR] Failed to send batch events to Cloudflare for session: ccilu73fsgqj5kdc95b9ljdo8f after 146.7ms: HTTP 400: {"error":"Missing event name"}
[2025-07-17 16:47:16] [ERROR] Failed to send batch events to Cloudflare for session: ccilu73fsgqj5kdc95b9ljdo8f after 132.51ms: HTTP 400: {"error":"Missing event name"}
[2025-07-17 16:47:19] [ERROR] Failed to send batch events to Cloudflare for session: ccilu73fsgqj5kdc95b9ljdo8f after 129.55ms: HTTP 400: {"error":"Missing event name"}
[2025-07-17 16:48:20] [ERROR] Failed to send batch events to Cloudflare for session: ccilu73fsgqj5kdc95b9ljdo8f after 140.27ms: HTTP 400: {"error":"Missing event name"}
[2025-07-17 16:48:29] [ERROR] Failed to send batch events to Cloudflare for session: ccilu73fsgqj5kdc95b9ljdo8f after 133.65ms: HTTP 400: {"error":"Missing event name"}
[2025-07-17 16:48:33] [ERROR] Failed to send batch events to Cloudflare for session: ccilu73fsgqj5kdc95b9ljdo8f after 143.96ms: HTTP 400: {"error":"Missing event name"}
[2025-07-17 16:48:37] [ERROR] Failed to send batch events to Cloudflare for session: ccilu73fsgqj5kdc95b9ljdo8f after 138.19ms: HTTP 400: {"error":"Missing event name"}
[2025-07-17 16:48:41] [ERROR] Failed to send batch events to Cloudflare for session: ccilu73fsgqj5kdc95b9ljdo8f after 129.43ms: HTTP 400: {"error":"Missing event name"}
[2025-07-17 16:48:42] [ERROR] Failed to send batch events to Cloudflare for session: ccilu73fsgqj5kdc95b9ljdo8f after 124.03ms: HTTP 400: {"error":"Missing event name"}
[2025-07-17 16:48:43] [ERROR] Failed to send batch events to Cloudflare for session: ccilu73fsgqj5kdc95b9ljdo8f after 116.6ms: HTTP 400: {"error":"Missing event name"}
[2025-07-17 16:48:52] [ERROR] Failed to send batch events to Cloudflare for session: ccilu73fsgqj5kdc95b9ljdo8f after 136.83ms: HTTP 400: {"error":"Missing event name"}
[2025-07-17 16:49:07] [ERROR] Failed to send batch events to Cloudflare for session: ccilu73fsgqj5kdc95b9ljdo8f after 140.58ms: HTTP 400: {"error":"Missing event name"}
[2025-07-17 16:49:37] [ERROR] Failed to send batch events to Cloudflare for session: ccilu73fsgqj5kdc95b9ljdo8f after 141.08ms: HTTP 400: {"error":"Missing event name"}
[2025-07-17 16:50:37] [ERROR] Failed to send batch events to Cloudflare for session: ccilu73fsgqj5kdc95b9ljdo8f after 167.81ms: HTTP 400: {"error":"Missing event name"}
[2025-07-17 16:52:18] [ERROR] Failed to send batch events to Cloudflare for session: ggbcd4bvknv9asnqhsl0f09b24 after 138.01ms: HTTP 400: {"error":"Missing event name"}
[2025-07-17 16:52:19] [ERROR] Failed to send batch events to Cloudflare for session: ccilu73fsgqj5kdc95b9ljdo8f after 130.64ms: HTTP 400: {"error":"Missing event name"}
[2025-07-17 16:52:20] [ERROR] Failed to send batch events to Cloudflare for session: ggbcd4bvknv9asnqhsl0f09b24 after 126.58ms: HTTP 400: {"error":"Missing event name"}
[2025-07-17 16:52:25] [ERROR] Failed to send batch events to Cloudflare for session: ggbcd4bvknv9asnqhsl0f09b24 after 135.53ms: HTTP 400: {"error":"Missing event name"}
[2025-07-17 16:52:26] [INFO] Plugin settings updated
[2025-07-17 16:52:27] [ERROR] Failed to send batch events to Cloudflare for session: ggbcd4bvknv9asnqhsl0f09b24 after 131.64ms: HTTP 400: {"error":"Missing event name"}
[2025-07-17 16:52:33] [ERROR] Failed to send batch events to Cloudflare for session: ccilu73fsgqj5kdc95b9ljdo8f after 128.64ms: HTTP 400: {"error":"Missing event name"}
[2025-07-17 16:52:35] [ERROR] Failed to send batch events to Cloudflare for session: ccilu73fsgqj5kdc95b9ljdo8f after 119.24ms: HTTP 400: {"error":"Missing event name"}
[2025-07-17 16:52:38] [ERROR] Failed to send batch events to Cloudflare for session: ccilu73fsgqj5kdc95b9ljdo8f after 149.35ms: HTTP 400: {"error":"Missing event name"}
[2025-07-17 16:52:44] [ERROR] Failed to send batch events to Cloudflare for session: ccilu73fsgqj5kdc95b9ljdo8f after 144.59ms: HTTP 400: {"error":"Missing event name"}
[2025-07-17 16:52:48] [ERROR] Failed to send batch events to Cloudflare for session: ccilu73fsgqj5kdc95b9ljdo8f after 133.05ms: HTTP 400: {"error":"Missing event name"}
[2025-07-17 16:52:49] [ERROR] Failed to send batch events to Cloudflare for session: ccilu73fsgqj5kdc95b9ljdo8f after 127.91ms: HTTP 400: {"error":"Missing event name"}
[2025-07-17 16:52:50] [ERROR] Failed to send batch events to Cloudflare for session: ccilu73fsgqj5kdc95b9ljdo8f after 136.66ms: HTTP 400: {"error":"Missing event name"}
[2025-07-17 16:52:51] [ERROR] Failed to send batch events to Cloudflare for session: ccilu73fsgqj5kdc95b9ljdo8f after 128.82ms: HTTP 400: {"error":"Missing event name"}
[2025-07-17 16:52:52] [ERROR] Failed to send batch events to Cloudflare for session: ccilu73fsgqj5kdc95b9ljdo8f after 134.54ms: HTTP 400: {"error":"Missing event name"}
[2025-07-17 16:53:03] [ERROR] Failed to send batch events to Cloudflare for session: ccilu73fsgqj5kdc95b9ljdo8f after 144.81ms: HTTP 400: {"error":"Missing event name"}
[2025-07-17 16:53:06] [ERROR] Failed to send batch events to Cloudflare for session: ccilu73fsgqj5kdc95b9ljdo8f after 121.3ms: HTTP 400: {"error":"Missing event name"}
[2025-07-17 16:53:11] [ERROR] Failed to send batch events to Cloudflare for session: ggbcd4bvknv9asnqhsl0f09b24 after 148.59ms: HTTP 400: {"error":"Missing event name"}
[2025-07-17 16:53:11] [ERROR] Failed to send batch events to Cloudflare for session: ggbcd4bvknv9asnqhsl0f09b24 after 146.7ms: HTTP 400: {"error":"Missing event name"}
[2025-07-17 16:53:31] [ERROR] Failed to send batch events to Cloudflare for session: ccilu73fsgqj5kdc95b9ljdo8f after 141.73ms: HTTP 400: {"error":"Missing event name"}
[2025-07-17 16:53:33] [ERROR] Failed to send batch events to Cloudflare for session: ccilu73fsgqj5kdc95b9ljdo8f after 147.05ms: HTTP 400: {"error":"Missing event name"}
[2025-07-17 16:53:45] [ERROR] Failed to send batch events to Cloudflare for session: ccilu73fsgqj5kdc95b9ljdo8f after 153.97ms: HTTP 400: {"error":"Missing event name"}
[2025-07-18 08:21:32] [INFO] Order marked as tracked in session: 124207
[2025-07-18 08:21:32] [INFO] Added order data for purchase event tracking. Order ID: 124207
